C51 COMPILER V9.54   MAIN2                                                                 10/01/2025 10:25:14 PAGE 1   


C51 COMPILER V9.54, COMPILATION OF MODULE MAIN2
OBJECT MODULE PLACED IN .\Objects\main2.obj
COMPILER INVOKED BY: D:\keil\C51\BIN\C51.EXE main2.c OPTIMIZE(8,SPEED) BROWSE DEBUG OBJECTEXTEND PRINT(.\Listings\main2.
                    -lst) TABS(2) OBJECT(.\Objects\main2.obj)

line level    source

   1          #include <reg51.h>  // ??51??????
   2          
   3          sbit LED = P2^0;    // ??LED???P2.0
   4          
   5          // ????
   6          void delay_ms(unsigned int ms)
   7          {
   8   1          unsigned int i, j;
   9   1          for(i = 0; i < ms; i++)
  10   1              for(j = 0; j < 123; j++);  // 12MHz????????
  11   1      }
  12          
  13          void main()
  14          {
  15   1          while(1)  // ???
  16   1          {
  17   2              LED = 0;        // P2.0?????,LED?
  18   2              delay_ms(500);  // ??500ms
  19   2              
  20   2              LED = 1;        // P2.0?????,LED?
  21   2              delay_ms(500);  // ??500ms
  22   2          }
  23   1      }


MODULE INFORMATION:   STATIC OVERLAYABLE
   CODE SIZE        =     48    ----
   CONSTANT SIZE    =   ----    ----
   XDATA SIZE       =   ----    ----
   PDATA SIZE       =   ----    ----
   DATA SIZE        =   ----    ----
   IDATA SIZE       =   ----    ----
   BIT SIZE         =   ----    ----
END OF MODULE INFORMATION.


C51 COMPILATION COMPLETE.  0 WARNING(S),  0 ERROR(S)
