C51 COMPILER V9.54   MAIN                                                                  09/29/2025 14:02:44 PAGE 1   


C51 COMPILER V9.54, COMPILATION OF MODULE MAIN
OBJECT MODULE PLACED IN .\Objects\main.obj
COMPILER INVOKED BY: D:\keil\C51\BIN\C51.EXE main.c OPTIMIZE(8,SPEED) BROWSE DEBUG OBJECTEXTEND PRINT(.\Listings\main.ls
                    -t) TABS(2) OBJECT(.\Objects\main.obj)

line level    source

   1          #include <reg52.h>
   2          
   3          typedef unsigned int u16;
   4          typedef unsigned char u8;
   5          
   6          sbit LED1 = P2^0; // 将P2.0定义为LED1
   7          
   8          void Delay(u16 time) // 延时函数
   9          {
  10   1          u16 i, j;
  11   1          for(i = time; i > 0; i--)
  12   1              for(j = 110; j > 0; j--);
  13   1      }
  14          
  15          void main()
  16          {
  17   1          while(1) // 主循环
  18   1          {
  19   2              LED1 = 0; // 点亮LED1
  20   2              Delay(500); // 延时500ms
  21   2              LED1 = 1; // 熄灭LED1
  22   2              Delay(500); // 延时500ms
  23   2          }
  24   1      }


MODULE INFORMATION:   STATIC OVERLAYABLE
   CODE SIZE        =     50    ----
   CONSTANT SIZE    =   ----    ----
   XDATA SIZE       =   ----    ----
   PDATA SIZE       =   ----    ----
   DATA SIZE        =   ----    ----
   IDATA SIZE       =   ----    ----
   BIT SIZE         =   ----    ----
END OF MODULE INFORMATION.


C51 COMPILATION COMPLETE.  0 WARNING(S),  0 ERROR(S)
