C51 COMPILER V9.54   MAIN                                                                  10/01/2025 12:14:59 PAGE 1   


C51 COMPILER V9.54, COMPILATION OF MODULE MAIN
OBJECT MODULE PLACED IN .\Objects\main.obj
COMPILER INVOKED BY: D:\keil\C51\BIN\C51.EXE main.c ROM(SMALL) OPTIMIZE(8,SPEED) BROWSE DEBUG OBJECTEXTEND PRINT(.\Listi
                    -ngs\main.lst) TABS(2) OBJECT(.\Objects\main.obj)

line level    source

   1          #include <reg52.h>  // 包含STC89C52RC头文件
   2          
   3          sbit LED = P2^0;    // LED连接到P2.0
   4          sbit KEY = P3^1;    // 独立按键K1连接到P3.2
   5          
   6          bit led_state = 1;   // LED状态标志，1表示熄灭，0表示亮起
   7          
   8          // 延时函数
   9          void delay_ms(unsigned int ms)
  10          {
  11   1          unsigned int i, j;
  12   1          for(i = 0; i < ms; i++)
  13   1              for(j = 0; j < 123; j++);
  14   1      }
  15          
  16          void main()
  17          {
  18   1          LED = 1;        // 初始化LED熄灭
  19   1          KEY = 1;        // 设置按键引脚为输入模式
  20   1          
  21   1          while(1)
  22   1          {
  23   2              if(KEY == 0)        // 检测到按键按下
  24   2              {
  25   3                  delay_ms(10);   // 延时消抖
  26   3                  if(KEY == 0)    // 确认按键确实按下
  27   3                  {
  28   4                      // 切换LED状态
  29   4                      led_state =~ led_state;
  30   4                      LED = led_state;
  31   4                      
  32   4                      // 等待按键释放
  33   4                      while(KEY == 0)
  34   4                      {
  35   5                          // 等待期间可以执行其他任务
  36   5                      }
  37   4                      delay_ms(10);   // 释放消抖
  38   4                  }
  39   3              }
  40   2              
  41   2              // 这里可以添加其他需要持续执行的任务
  42   2          }
  43   1      }


MODULE INFORMATION:   STATIC OVERLAYABLE
   CODE SIZE        =     65    ----
   CONSTANT SIZE    =   ----    ----
   XDATA SIZE       =   ----    ----
   PDATA SIZE       =   ----    ----
   DATA SIZE        =   ----    ----
   IDATA SIZE       =   ----    ----
   BIT SIZE         =      1    ----
END OF MODULE INFORMATION.

C51 COMPILER V9.54   MAIN                                                                  10/01/2025 12:14:59 PAGE 2   


C51 COMPILATION COMPLETE.  0 WARNING(S),  0 ERROR(S)
