C51 COMPILER V9.54   MAIN                                                                  09/29/2025 14:23:11 PAGE 1   


C51 COMPILER V9.54, COMPILATION OF MODULE MAIN
OBJECT MODULE PLACED IN .\Objects\main.obj
COMPILER INVOKED BY: D:\keil\C51\BIN\C51.EXE main.c OPTIMIZE(8,SPEED) BROWSE DEBUG OBJECTEXTEND PRINT(.\Listings\main.ls
                    -t) TABS(2) OBJECT(.\Objects\main.obj)

line level    source

   1          #include <reg52.h>
   2          
   3          typedef unsigned char u8;
   4          typedef unsigned int u16;
   5          
   6          sbit BEEP = P2^5; // Buzzer connected to P2.5
   7          
   8          void delay_10us(u16 ten_us)
   9          {
  10   1          while(ten_us--);
  11   1      }
  12          
  13          void main()
  14          {
  15   1          u16 i=2000;
  16   1          while(1)
  17   1          {
  18   2              while(i--)
  19   2              {
  20   3                  BEEP=!BEEP;
  21   3                  delay_10us(100);
  22   3              }
  23   2              i=0;
  24   2              BEEP=0;
  25   2          }
  26   1      }


MODULE INFORMATION:   STATIC OVERLAYABLE
   CODE SIZE        =     43    ----
   CONSTANT SIZE    =   ----    ----
   XDATA SIZE       =   ----    ----
   PDATA SIZE       =   ----    ----
   DATA SIZE        =   ----    ----
   IDATA SIZE       =   ----    ----
   BIT SIZE         =   ----    ----
END OF MODULE INFORMATION.


C51 COMPILATION COMPLETE.  0 WARNING(S),  0 ERROR(S)
