C51 COMPILER V9.54   LED                                                                   10/03/2025 18:46:39 PAGE 1   


C51 COMPILER V9.54, COMPILATION OF MODULE LED
OBJECT MODULE PLACED IN .\Objects\led.obj
COMPILER INVOKED BY: D:\keil\C51\BIN\C51.EXE led.c OPTIMIZE(8,SPEED) BROWSE DEBUG OBJECTEXTEND PRINT(.\Listings\led.lst)
                    - TABS(2) OBJECT(.\Objects\led.obj)

line level    source

   1          #include "LED.h"
   2          
   3          /**
   4           * @brief LED初始化函数
   5           */
   6          void LED_Init(void)
   7          {
   8   1          LED_PORT = 0xFF;    // 初始状态关闭所有LED
   9   1      }
  10          
  11          /**
  12           * @brief 按二进制显示数字
  13           * @param num 要显示的数字(0-255)
  14           * 
  15           * 说明：LED1~LED8连接在P2.0~P2.7，低电平点亮
  16           * P2.0对应LED1（二进制最低位）
  17           * P2.7对应LED8（二进制最高位）
  18           * 例如：num=5 (二进制00000101) 会点亮LED1和LED3
  19           */
  20          void LED_DisplayBinary(unsigned char num)
  21          {
  22   1          LED_PORT = ~num;    // 取反，因为LED是低电平点亮
  23   1      }


MODULE INFORMATION:   STATIC OVERLAYABLE
   CODE SIZE        =      9    ----
   CONSTANT SIZE    =   ----    ----
   XDATA SIZE       =   ----    ----
   PDATA SIZE       =   ----    ----
   DATA SIZE        =   ----    ----
   IDATA SIZE       =   ----    ----
   BIT SIZE         =   ----    ----
END OF MODULE INFORMATION.


C51 COMPILATION COMPLETE.  0 WARNING(S),  0 ERROR(S)
