C51 COMPILER V9.54   MAIN                                                                  10/02/2025 13:53:39 PAGE 1   


C51 COMPILER V9.54, COMPILATION OF MODULE MAIN
OBJECT MODULE PLACED IN .\Objects\main.obj
COMPILER INVOKED BY: D:\keil\C51\BIN\C51.EXE main.c OPTIMIZE(8,SPEED) BROWSE DEBUG OBJECTEXTEND PRINT(.\Listings\main.ls
                    -t) TABS(2) OBJECT(.\Objects\main.obj)

line level    source

   1          #include <reg52.h>
   2          #include "matrixkey.h"
   3          #include "lcd1602.h"
   4          
   5          void main()
   6          {
   7   1          unsigned char display_value;
   8   1          
   9   1          // 初始化
  10   1          MatrixKey_Init();
  11   1          LCD_Init();
  12   1          
  13   1          LCD_ShowString(0, 0, "Key Test:");
  14   1          LCD_ShowString(1, 0, "Key:   ");
  15   1          
  16   1          while(1)
  17   1          {
  18   2              // 处理按键（按下无现象，松手检测）
  19   2              MatrixKey_ProcessKey();
  20   2              
  21   2              // 获取需要显示的按键值
  22   2              display_value = MatrixKey_GetDisplayValue();
  23   2              
  24   2              if(display_value != 0)
  25   2              {
  26   3                  // 在LCD上显示按键编号（两位数格式）
  27   3                  if(display_value < 10)
  28   3                  {
  29   4                      LCD_ShowChar(1, 5, '0'); // 显示前导0
  30   4                      LCD_ShowNum(1, 6, display_value, 1);
  31   4                  }
  32   3                  else
  33   3                  {
  34   4                      LCD_ShowNum(1, 5, display_value, 2);
  35   4                  }
  36   3              }
  37   2              
  38   2          }
  39   1      }


MODULE INFORMATION:   STATIC OVERLAYABLE
   CODE SIZE        =     91    ----
   CONSTANT SIZE    =     18    ----
   XDATA SIZE       =   ----    ----
   PDATA SIZE       =   ----    ----
   DATA SIZE        =   ----       1
   IDATA SIZE       =   ----    ----
   BIT SIZE         =   ----    ----
END OF MODULE INFORMATION.


C51 COMPILATION COMPLETE.  0 WARNING(S),  0 ERROR(S)
