C51 COMPILER V9.54   MAIN                                                                  10/02/2025 00:03:13 PAGE 1   


C51 COMPILER V9.54, COMPILATION OF MODULE MAIN
OBJECT MODULE PLACED IN .\Objects\main.obj
COMPILER INVOKED BY: D:\keil\C51\BIN\C51.EXE main.c OPTIMIZE(8,SPEED) BROWSE DEBUG OBJECTEXTEND PRINT(.\Listings\main.ls
                    -t) TABS(2) OBJECT(.\Objects\main.obj)

line level    source

   1          #include <reg51.h>
   2          
   3          sbit P2_0 = P2^0;
   4          sbit P2_1 = P2^1;
   5          sbit P2_2 = P2^2;
   6          sbit P2_3 = P2^3;
   7          sbit P2_4 = P2^4;
   8          
   9          unsigned char NixieTable[] = {0x3F, 0x06, 0x5B, 0x4F, 0x66, 0x6D, 0x7D, 0x07, 0x7F, 0x6F};
  10          
  11          void Delay(unsigned int t)
  12          {
  13   1          unsigned int i, j;
  14   1          for(i = t; i > 0; i--)
  15   1              for(j = 110; j > 0; j--);
  16   1      }
  17          
  18          void Nixie(unsigned char Location, unsigned char Number)
  19          {
  20   1          P0 = 0x00;  // 消影
  21   1          
  22   1          switch(Location)
  23   1          {
  24   2              case 1: P2_4 = 1; P2_3 = 1; P2_2 = 1; break;
  25   2              case 2: P2_4 = 1; P2_3 = 1; P2_2 = 0; break;
  26   2              case 3: P2_4 = 1; P2_3 = 0; P2_2 = 1; break;  
  27   2              case 4: P2_4 = 1; P2_3 = 0; P2_2 = 0; break;
  28   2              case 5: P2_4 = 0; P2_3 = 1; P2_2 = 1; break;
  29   2              case 6: P2_4 = 0; P2_3 = 1; P2_2 = 0; break;
  30   2              case 7: P2_4 = 0; P2_3 = 0; P2_2 = 1; break;
  31   2              case 8: P2_4 = 0; P2_3 = 0; P2_2 = 0; break;
  32   2          }
  33   1          
  34   1          P0 = NixieTable[Number];
  35   1          Delay(2);  // 每个数码管显示约2ms
  36   1      }
  37          
  38          void main()
  39          {
  40   1          while(1)
  41   1          {
  42   2              Nixie(1, 1);
  43   2              Nixie(2, 2);
  44   2              Nixie(3, 3);
  45   2              Nixie(4, 4);
  46   2              Nixie(5, 5);
  47   2              Nixie(6, 6);
  48   2              Nixie(7, 7);
  49   2              Nixie(8, 8);
  50   2          }
  51   1      }


MODULE INFORMATION:   STATIC OVERLAYABLE
C51 COMPILER V9.54   MAIN                                                                  10/02/2025 00:03:13 PAGE 2   

   CODE SIZE        =    196    ----
   CONSTANT SIZE    =   ----    ----
   XDATA SIZE       =   ----    ----
   PDATA SIZE       =   ----    ----
   DATA SIZE        =     10    ----
   IDATA SIZE       =   ----    ----
   BIT SIZE         =   ----    ----
END OF MODULE INFORMATION.


C51 COMPILATION COMPLETE.  0 WARNING(S),  0 ERROR(S)
