C51 COMPILER V9.54   MAIN                                                                  10/01/2025 23:48:40 PAGE 1   


C51 COMPILER V9.54, COMPILATION OF MODULE MAIN
OBJECT MODULE PLACED IN .\Objects\main.obj
COMPILER INVOKED BY: D:\keil\C51\BIN\C51.EXE main.c OPTIMIZE(8,SPEED) BROWSE DEBUG OBJECTEXTEND PRINT(.\Listings\main.ls
                    -t) TABS(2) OBJECT(.\Objects\main.obj)

line level    source

   1          #include <reg51.h>
   2          
   3          // 定义P2口的各个位
   4          sbit P2_0 = P2^0;
   5          sbit P2_1 = P2^1;
   6          sbit P2_2 = P2^2;
   7          sbit P2_3 = P2^3;
   8          sbit P2_4 = P2^4;
   9          sbit P2_5 = P2^5;
  10          sbit P2_6 = P2^6;
  11          sbit P2_7 = P2^7;
  12          
  13          unsigned char NixieTable[] = {0x3F,0x06,0x5B,0x4F,0x66,0x6D,0x7D,0x07,0x7F,0x6F};
  14          
  15          void Delay(unsigned int t)  // 简单延时函数
  16          {
  17   1          while(t--);
  18   1      }
  19          
  20          void Nixie(unsigned char Location, unsigned char Number)
  21          {
  22   1          // 先关闭段选，消影
  23   1          P0 = 0x00;
  24   1          
  25   1          switch(Location)
  26   1          {
  27   2              case 1: P2_4 = 1; P2_3 = 1; P2_2 = 1; break; // Y7
  28   2              case 2: P2_4 = 1; P2_3 = 1; P2_2 = 0; break; // Y6
  29   2              case 3: P2_4 = 1; P2_3 = 0; P2_2 = 1; break; // Y5  
  30   2              case 4: P2_4 = 1; P2_3 = 0; P2_2 = 0; break; // Y4 ← 5号LED
  31   2              case 5: P2_4 = 0; P2_3 = 1; P2_2 = 1; break; // Y3
  32   2              case 6: P2_4 = 0; P2_3 = 1; P2_2 = 0; break; // Y2
  33   2              case 7: P2_4 = 0; P2_3 = 0; P2_2 = 1; break; // Y1
  34   2              case 8: P2_4 = 0; P2_3 = 0; P2_2 = 0; break; // Y0
  35   2          }
  36   1          
  37   1          P0 = NixieTable[Number];  // 输出段码
  38   1          Delay(1000);  // 延时显示
  39   1      }
  40          
  41          void main()
  42          {
  43   1          while(1)
  44   1          {
  45   2              Nixie(6, 5);  // 在5号LED（对应case 4）显示数字3
  46   2          }
  47   1      }


MODULE INFORMATION:   STATIC OVERLAYABLE
   CODE SIZE        =    128    ----
   CONSTANT SIZE    =   ----    ----
   XDATA SIZE       =   ----    ----
   PDATA SIZE       =   ----    ----
C51 COMPILER V9.54   MAIN                                                                  10/01/2025 23:48:40 PAGE 2   

   DATA SIZE        =     10    ----
   IDATA SIZE       =   ----    ----
   BIT SIZE         =   ----    ----
END OF MODULE INFORMATION.


C51 COMPILATION COMPLETE.  0 WARNING(S),  0 ERROR(S)
