C51 COMPILER V9.54   DEALY                                                                 10/04/2025 20:47:51 PAGE 1   


C51 COMPILER V9.54, COMPILATION OF MODULE DEALY
OBJECT MODULE PLACED IN .\Objects\Dealy.obj
COMPILER INVOKED BY: D:\keil\C51\BIN\C51.EXE Dealy.c OPTIMIZE(8,SPEED) BROWSE DEBUG OBJECTEXTEND PRINT(.\Listings\Dealy.
                    -lst) TABS(2) OBJECT(.\Objects\Dealy.obj)

line level    source

   1          #include "Delay.h"
*** WARNING C318 IN LINE 1 OF Dealy.c: can't open file 'Delay.h'
   2          
   3          void Delay(unsigned int xms)
   4          {
   5   1          unsigned char i, j;
   6   1          while(xms--)
   7   1          {
   8   2              i = 2;
   9   2              j = 239;
  10   2              do
  11   2              {
  12   3                  while (--j);
  13   3              } while (--i);
  14   2          }
  15   1      }


MODULE INFORMATION:   STATIC OVERLAYABLE
   CODE SIZE        =     21    ----
   CONSTANT SIZE    =   ----    ----
   XDATA SIZE       =   ----    ----
   PDATA SIZE       =   ----    ----
   DATA SIZE        =   ----    ----
   IDATA SIZE       =   ----    ----
   BIT SIZE         =   ----    ----
END OF MODULE INFORMATION.


C51 COMPILATION COMPLETE.  1 WARNING(S),  0 ERROR(S)
