C51 COMPILER V9.54   MIAN                                                                  10/02/2025 11:04:30 PAGE 1   


C51 COMPILER V9.54, COMPILATION OF MODULE MIAN
OBJECT MODULE PLACED IN .\Objects\mian.obj
COMPILER INVOKED BY: D:\keil\C51\BIN\C51.EXE mian.c OPTIMIZE(8,SPEED) BROWSE DEBUG OBJECTEXTEND PRINT(.\Listings\mian.ls
                    -t) TABS(2) OBJECT(.\Objects\mian.obj)

line level    source

   1          #include <reg51.h>
   2          #include "Delay.h"
   3          #include "Nixie.h"
   4          
   5          
   6          void main()
   7          {
   8   1        while(1)
   9   1        {
  10   2          Nixie(1, 1);  // 第1个数码管显示1
  11   2          Nixie(2, 2);  // 第2个数码管显示2
  12   2          Nixie(3, 3);  // 第3个数码管显示3
  13   2          Nixie(4, 4);  // 第4个数码管显示4
  14   2          Nixie(5, 5);  // 第5个数码管显示5
  15   2          Nixie(6, 6);  // 第6个数码管显示6
  16   2          Nixie(7, 7);  // 第7个数码管显示7
  17   2          Nixie(8, 8);  // 第8个数码管显示8
  18   2        }
  19   1      }


MODULE INFORMATION:   STATIC OVERLAYABLE
   CODE SIZE        =     58    ----
   CONSTANT SIZE    =   ----    ----
   XDATA SIZE       =   ----    ----
   PDATA SIZE       =   ----    ----
   DATA SIZE        =   ----    ----
   IDATA SIZE       =   ----    ----
   BIT SIZE         =   ----    ----
END OF MODULE INFORMATION.


C51 COMPILATION COMPLETE.  0 WARNING(S),  0 ERROR(S)
